{"/Users/ceriseabelthompson/Documents/Code/projects/Breaking-Bad-Habits-/api/dbConfig.js": {"path":"/Users/ceriseabelthompson/Documents/Code/projects/Breaking-Bad-Habits-/api/dbConfig.js","statementMap":{"0":{"start":{"line":1,"column":15},"end":{"line":1,"column":28}},"1":{"start":{"line":3,"column":13},"end":{"line":3,"column":23}},"2":{"start":{"line":9,"column":0},"end":{"line":9,"column":22}}},"fnMap":{},"branchMap":{},"s":{"0":3,"1":3,"2":3},"f":{},"b":{},"_coverageSchema":"1a1c01bbd47fc00a2c39e90264f33305004495a9","hash":"4301fdf0f0363fb4964319f1a26ab5e9cf687827"}
,"/Users/ceriseabelthompson/Documents/Code/projects/Breaking-Bad-Habits-/api/server.js": {"path":"/Users/ceriseabelthompson/Documents/Code/projects/Breaking-Bad-Habits-/api/server.js","statementMap":{"0":{"start":{"line":1,"column":16},"end":{"line":1,"column":34}},"1":{"start":{"line":2,"column":13},"end":{"line":2,"column":28}},"2":{"start":{"line":4,"column":12},"end":{"line":4,"column":21}},"3":{"start":{"line":5,"column":0},"end":{"line":5,"column":16}},"4":{"start":{"line":6,"column":0},"end":{"line":6,"column":24}},"5":{"start":{"line":8,"column":19},"end":{"line":8,"column":48}},"6":{"start":{"line":9,"column":19},"end":{"line":9,"column":48}},"7":{"start":{"line":11,"column":0},"end":{"line":11,"column":29}},"8":{"start":{"line":12,"column":0},"end":{"line":12,"column":29}},"9":{"start":{"line":14,"column":0},"end":{"line":14,"column":46}},"10":{"start":{"line":14,"column":25},"end":{"line":14,"column":44}},"11":{"start":{"line":16,"column":0},"end":{"line":16,"column":21}}},"fnMap":{"0":{"name":"(anonymous_0)","decl":{"start":{"line":14,"column":13},"end":{"line":14,"column":14}},"loc":{"start":{"line":14,"column":25},"end":{"line":14,"column":44}},"line":14}},"branchMap":{},"s":{"0":1,"1":1,"2":1,"3":1,"4":1,"5":1,"6":1,"7":1,"8":1,"9":1,"10":0,"11":1},"f":{"0":0},"b":{},"_coverageSchema":"1a1c01bbd47fc00a2c39e90264f33305004495a9","hash":"b103831302cac3e3b6fa8ffb96fa5a3b3838d3e0"}
,"/Users/ceriseabelthompson/Documents/Code/projects/Breaking-Bad-Habits-/api/Controllers/auth.js": {"path":"/Users/ceriseabelthompson/Documents/Code/projects/Breaking-Bad-Habits-/api/Controllers/auth.js","statementMap":{"0":{"start":{"line":1,"column":0},"end":{"line":1,"column":27}},"1":{"start":{"line":3,"column":15},"end":{"line":3,"column":42}},"2":{"start":{"line":6,"column":15},"end":{"line":6,"column":32}},"3":{"start":{"line":7,"column":12},"end":{"line":7,"column":35}},"4":{"start":{"line":9,"column":13},"end":{"line":9,"column":38}},"5":{"start":{"line":11,"column":0},"end":{"line":22,"column":2}},"6":{"start":{"line":12,"column":4},"end":{"line":21,"column":5}},"7":{"start":{"line":13,"column":21},"end":{"line":13,"column":43}},"8":{"start":{"line":14,"column":23},"end":{"line":14,"column":65}},"9":{"start":{"line":15,"column":8},"end":{"line":15,"column":58}},"10":{"start":{"line":16,"column":8},"end":{"line":17,"column":41}},"11":{"start":{"line":19,"column":8},"end":{"line":20,"column":22}},"12":{"start":{"line":24,"column":0},"end":{"line":57,"column":2}},"13":{"start":{"line":25,"column":4},"end":{"line":56,"column":5}},"14":{"start":{"line":26,"column":19},"end":{"line":26,"column":57}},"15":{"start":{"line":27,"column":8},"end":{"line":29,"column":9}},"16":{"start":{"line":28,"column":12},"end":{"line":28,"column":50}},"17":{"start":{"line":30,"column":23},"end":{"line":30,"column":77}},"18":{"start":{"line":31,"column":8},"end":{"line":51,"column":9}},"19":{"start":{"line":32,"column":28},"end":{"line":35,"column":13}},"20":{"start":{"line":36,"column":30},"end":{"line":45,"column":13}},"21":{"start":{"line":37,"column":16},"end":{"line":39,"column":17}},"22":{"start":{"line":38,"column":20},"end":{"line":38,"column":64}},"23":{"start":{"line":40,"column":16},"end":{"line":44,"column":18}},"24":{"start":{"line":46,"column":12},"end":{"line":48,"column":26}},"25":{"start":{"line":50,"column":12},"end":{"line":50,"column":62}},"26":{"start":{"line":53,"column":8},"end":{"line":53,"column":27}},"27":{"start":{"line":54,"column":8},"end":{"line":55,"column":23}},"28":{"start":{"line":59,"column":0},"end":{"line":59,"column":24}}},"fnMap":{"0":{"name":"(anonymous_0)","decl":{"start":{"line":11,"column":25},"end":{"line":11,"column":26}},"loc":{"start":{"line":11,"column":45},"end":{"line":22,"column":1}},"line":11},"1":{"name":"(anonymous_1)","decl":{"start":{"line":24,"column":22},"end":{"line":24,"column":23}},"loc":{"start":{"line":24,"column":42},"end":{"line":57,"column":1}},"line":24},"2":{"name":"(anonymous_2)","decl":{"start":{"line":36,"column":30},"end":{"line":36,"column":31}},"loc":{"start":{"line":36,"column":46},"end":{"line":45,"column":13}},"line":36}},"branchMap":{"0":{"loc":{"start":{"line":27,"column":8},"end":{"line":29,"column":9}},"type":"if","locations":[{"start":{"line":27,"column":8},"end":{"line":29,"column":9}},{"start":{"line":27,"column":8},"end":{"line":29,"column":9}}],"line":27},"1":{"loc":{"start":{"line":31,"column":8},"end":{"line":51,"column":9}},"type":"if","locations":[{"start":{"line":31,"column":8},"end":{"line":51,"column":9}},{"start":{"line":31,"column":8},"end":{"line":51,"column":9}}],"line":31},"2":{"loc":{"start":{"line":37,"column":16},"end":{"line":39,"column":17}},"type":"if","locations":[{"start":{"line":37,"column":16},"end":{"line":39,"column":17}},{"start":{"line":37,"column":16},"end":{"line":39,"column":17}}],"line":37}},"s":{"0":2,"1":2,"2":2,"3":2,"4":2,"5":2,"6":0,"7":0,"8":0,"9":0,"10":0,"11":0,"12":2,"13":0,"14":0,"15":0,"16":0,"17":0,"18":0,"19":0,"20":0,"21":0,"22":0,"23":0,"24":0,"25":0,"26":0,"27":0,"28":2},"f":{"0":0,"1":0,"2":0},"b":{"0":[0,0],"1":[0,0],"2":[0,0]},"_coverageSchema":"1a1c01bbd47fc00a2c39e90264f33305004495a9","hash":"785621baeff671c0d9026bb51f388c10106fbb55"}
,"/Users/ceriseabelthompson/Documents/Code/projects/Breaking-Bad-Habits-/api/Controllers/habit.js": {"path":"/Users/ceriseabelthompson/Documents/Code/projects/Breaking-Bad-Habits-/api/Controllers/habit.js","statementMap":{"0":{"start":{"line":1,"column":15},"end":{"line":1,"column":42}},"1":{"start":{"line":5,"column":13},"end":{"line":5,"column":38}},"2":{"start":{"line":6,"column":14},"end":{"line":6,"column":40}},"3":{"start":{"line":7,"column":18},"end":{"line":7,"column":35}},"4":{"start":{"line":8,"column":12},"end":{"line":8,"column":43}},"5":{"start":{"line":9,"column":20},"end":{"line":9,"column":46}},"6":{"start":{"line":12,"column":0},"end":{"line":19,"column":3}},"7":{"start":{"line":13,"column":2},"end":{"line":18,"column":3}},"8":{"start":{"line":14,"column":19},"end":{"line":14,"column":59}},"9":{"start":{"line":15,"column":4},"end":{"line":15,"column":37}},"10":{"start":{"line":17,"column":4},"end":{"line":17,"column":31}},"11":{"start":{"line":22,"column":0},"end":{"line":30,"column":3}},"12":{"start":{"line":23,"column":2},"end":{"line":29,"column":3}},"13":{"start":{"line":24,"column":15},"end":{"line":24,"column":25}},"14":{"start":{"line":25,"column":19},"end":{"line":25,"column":43}},"15":{"start":{"line":26,"column":4},"end":{"line":26,"column":37}},"16":{"start":{"line":28,"column":4},"end":{"line":28,"column":32}},"17":{"start":{"line":33,"column":0},"end":{"line":43,"column":3}},"18":{"start":{"line":34,"column":2},"end":{"line":42,"column":3}},"19":{"start":{"line":35,"column":21},"end":{"line":38,"column":6}},"20":{"start":{"line":39,"column":4},"end":{"line":39,"column":39}},"21":{"start":{"line":41,"column":4},"end":{"line":41,"column":36}},"22":{"start":{"line":46,"column":0},"end":{"line":57,"column":3}},"23":{"start":{"line":47,"column":2},"end":{"line":56,"column":3}},"24":{"start":{"line":48,"column":24},"end":{"line":52,"column":5}},"25":{"start":{"line":53,"column":4},"end":{"line":53,"column":38}},"26":{"start":{"line":55,"column":4},"end":{"line":55,"column":32}},"27":{"start":{"line":60,"column":0},"end":{"line":68,"column":3}},"28":{"start":{"line":61,"column":2},"end":{"line":67,"column":3}},"29":{"start":{"line":62,"column":22},"end":{"line":62,"column":55}},"30":{"start":{"line":63,"column":4},"end":{"line":63,"column":31}},"31":{"start":{"line":64,"column":4},"end":{"line":64,"column":26}},"32":{"start":{"line":66,"column":4},"end":{"line":66,"column":32}},"33":{"start":{"line":71,"column":0},"end":{"line":78,"column":3}},"34":{"start":{"line":72,"column":2},"end":{"line":77,"column":3}},"35":{"start":{"line":73,"column":21},"end":{"line":73,"column":75}},"36":{"start":{"line":74,"column":4},"end":{"line":74,"column":37}},"37":{"start":{"line":76,"column":4},"end":{"line":76,"column":32}},"38":{"start":{"line":80,"column":0},"end":{"line":80,"column":24}}},"fnMap":{"0":{"name":"(anonymous_0)","decl":{"start":{"line":12,"column":16},"end":{"line":12,"column":17}},"loc":{"start":{"line":12,"column":36},"end":{"line":19,"column":1}},"line":12},"1":{"name":"(anonymous_1)","decl":{"start":{"line":22,"column":19},"end":{"line":22,"column":20}},"loc":{"start":{"line":22,"column":39},"end":{"line":30,"column":1}},"line":22},"2":{"name":"(anonymous_2)","decl":{"start":{"line":33,"column":17},"end":{"line":33,"column":18}},"loc":{"start":{"line":33,"column":37},"end":{"line":43,"column":1}},"line":33},"3":{"name":"(anonymous_3)","decl":{"start":{"line":46,"column":18},"end":{"line":46,"column":19}},"loc":{"start":{"line":46,"column":38},"end":{"line":57,"column":1}},"line":46},"4":{"name":"(anonymous_4)","decl":{"start":{"line":60,"column":19},"end":{"line":60,"column":20}},"loc":{"start":{"line":60,"column":39},"end":{"line":68,"column":1}},"line":60},"5":{"name":"(anonymous_5)","decl":{"start":{"line":71,"column":28},"end":{"line":71,"column":29}},"loc":{"start":{"line":71,"column":48},"end":{"line":78,"column":1}},"line":71}},"branchMap":{},"s":{"0":2,"1":2,"2":2,"3":2,"4":2,"5":2,"6":2,"7":0,"8":0,"9":0,"10":0,"11":2,"12":0,"13":0,"14":0,"15":0,"16":0,"17":2,"18":0,"19":0,"20":0,"21":0,"22":2,"23":0,"24":0,"25":0,"26":0,"27":2,"28":0,"29":0,"30":0,"31":0,"32":0,"33":2,"34":0,"35":0,"36":0,"37":0,"38":2},"f":{"0":0,"1":0,"2":0,"3":0,"4":0,"5":0},"b":{},"_coverageSchema":"1a1c01bbd47fc00a2c39e90264f33305004495a9","hash":"2fedf1d3b80256c8d8939d05b850d7c292ce7c51"}
,"/Users/ceriseabelthompson/Documents/Code/projects/Breaking-Bad-Habits-/api/Controllers/user.js": {"path":"/Users/ceriseabelthompson/Documents/Code/projects/Breaking-Bad-Habits-/api/Controllers/user.js","statementMap":{"0":{"start":{"line":1,"column":15},"end":{"line":1,"column":42}},"1":{"start":{"line":3,"column":21},"end":{"line":3,"column":50}},"2":{"start":{"line":4,"column":13},"end":{"line":4,"column":38}},"3":{"start":{"line":7,"column":20},"end":{"line":7,"column":38}},"4":{"start":{"line":8,"column":0},"end":{"line":8,"column":44}},"5":{"start":{"line":11,"column":0},"end":{"line":21,"column":2}},"6":{"start":{"line":12,"column":4},"end":{"line":18,"column":5}},"7":{"start":{"line":13,"column":21},"end":{"line":13,"column":67}},"8":{"start":{"line":14,"column":8},"end":{"line":14,"column":23}},"9":{"start":{"line":16,"column":8},"end":{"line":17,"column":22}},"10":{"start":{"line":23,"column":0},"end":{"line":23,"column":24}}},"fnMap":{"0":{"name":"(anonymous_0)","decl":{"start":{"line":11,"column":38},"end":{"line":11,"column":39}},"loc":{"start":{"line":11,"column":58},"end":{"line":21,"column":1}},"line":11}},"branchMap":{},"s":{"0":2,"1":2,"2":2,"3":2,"4":2,"5":2,"6":0,"7":0,"8":0,"9":0,"10":2},"f":{"0":0},"b":{},"_coverageSchema":"1a1c01bbd47fc00a2c39e90264f33305004495a9","hash":"d7d81a24c552bec7ab3190b169368ef2027a0f9a"}
,"/Users/ceriseabelthompson/Documents/Code/projects/Breaking-Bad-Habits-/api/Models/habit.js": {"path":"/Users/ceriseabelthompson/Documents/Code/projects/Breaking-Bad-Habits-/api/Models/habit.js","statementMap":{"0":{"start":{"line":1,"column":11},"end":{"line":1,"column":33}},"1":{"start":{"line":2,"column":12},"end":{"line":2,"column":43}},"2":{"start":{"line":3,"column":12},"end":{"line":3,"column":43}},"3":{"start":{"line":7,"column":4},"end":{"line":7,"column":34}},"4":{"start":{"line":8,"column":4},"end":{"line":8,"column":32}},"5":{"start":{"line":9,"column":4},"end":{"line":9,"column":28}},"6":{"start":{"line":10,"column":4},"end":{"line":10,"column":42}},"7":{"start":{"line":15,"column":4},"end":{"line":26,"column":7}},"8":{"start":{"line":16,"column":6},"end":{"line":25,"column":7}},"9":{"start":{"line":17,"column":21},"end":{"line":20,"column":9}},"10":{"start":{"line":21,"column":21},"end":{"line":21,"column":57}},"11":{"start":{"line":21,"column":44},"end":{"line":21,"column":56}},"12":{"start":{"line":22,"column":8},"end":{"line":22,"column":20}},"13":{"start":{"line":24,"column":8},"end":{"line":24,"column":46}},"14":{"start":{"line":31,"column":4},"end":{"line":42,"column":7}},"15":{"start":{"line":32,"column":6},"end":{"line":41,"column":7}},"16":{"start":{"line":33,"column":21},"end":{"line":36,"column":9}},"17":{"start":{"line":37,"column":20},"end":{"line":37,"column":45}},"18":{"start":{"line":38,"column":8},"end":{"line":38,"column":19}},"19":{"start":{"line":40,"column":8},"end":{"line":40,"column":45}},"20":{"start":{"line":47,"column":4},"end":{"line":59,"column":7}},"21":{"start":{"line":48,"column":6},"end":{"line":58,"column":7}},"22":{"start":{"line":49,"column":24},"end":{"line":52,"column":9}},"23":{"start":{"line":54,"column":23},"end":{"line":54,"column":51}},"24":{"start":{"line":55,"column":8},"end":{"line":55,"column":22}},"25":{"start":{"line":57,"column":8},"end":{"line":57,"column":50}},"26":{"start":{"line":64,"column":4},"end":{"line":75,"column":7}},"27":{"start":{"line":65,"column":6},"end":{"line":74,"column":7}},"28":{"start":{"line":66,"column":21},"end":{"line":70,"column":9}},"29":{"start":{"line":71,"column":8},"end":{"line":71,"column":20}},"30":{"start":{"line":73,"column":8},"end":{"line":73,"column":45}},"31":{"start":{"line":79,"column":4},"end":{"line":89,"column":7}},"32":{"start":{"line":80,"column":6},"end":{"line":88,"column":7}},"33":{"start":{"line":81,"column":21},"end":{"line":84,"column":9}},"34":{"start":{"line":85,"column":8},"end":{"line":85,"column":51}},"35":{"start":{"line":87,"column":8},"end":{"line":87,"column":54}},"36":{"start":{"line":94,"column":4},"end":{"line":104,"column":7}},"37":{"start":{"line":95,"column":6},"end":{"line":103,"column":7}},"38":{"start":{"line":96,"column":28},"end":{"line":99,"column":9}},"39":{"start":{"line":100,"column":8},"end":{"line":100,"column":27}},"40":{"start":{"line":102,"column":8},"end":{"line":102,"column":48}},"41":{"start":{"line":109,"column":4},"end":{"line":122,"column":7}},"42":{"start":{"line":110,"column":6},"end":{"line":121,"column":7}},"43":{"start":{"line":111,"column":22},"end":{"line":111,"column":56}},"44":{"start":{"line":112,"column":23},"end":{"line":117,"column":9}},"45":{"start":{"line":118,"column":8},"end":{"line":118,"column":22}},"46":{"start":{"line":120,"column":8},"end":{"line":120,"column":49}},"47":{"start":{"line":126,"column":4},"end":{"line":142,"column":7}},"48":{"start":{"line":127,"column":6},"end":{"line":141,"column":7}},"49":{"start":{"line":128,"column":27},"end":{"line":131,"column":9}},"50":{"start":{"line":132,"column":25},"end":{"line":132,"column":27}},"51":{"start":{"line":133,"column":8},"end":{"line":137,"column":9}},"52":{"start":{"line":134,"column":10},"end":{"line":136,"column":12}},"53":{"start":{"line":138,"column":8},"end":{"line":138,"column":24}},"54":{"start":{"line":140,"column":8},"end":{"line":140,"column":58}},"55":{"start":{"line":147,"column":4},"end":{"line":164,"column":7}},"56":{"start":{"line":148,"column":6},"end":{"line":163,"column":7}},"57":{"start":{"line":149,"column":23},"end":{"line":149,"column":58}},"58":{"start":{"line":150,"column":25},"end":{"line":150,"column":63}},"59":{"start":{"line":151,"column":8},"end":{"line":159,"column":9}},"60":{"start":{"line":152,"column":23},"end":{"line":152,"column":24}},"61":{"start":{"line":154,"column":23},"end":{"line":157,"column":11}},"62":{"start":{"line":158,"column":10},"end":{"line":158,"column":19}},"63":{"start":{"line":160,"column":8},"end":{"line":160,"column":20}},"64":{"start":{"line":162,"column":8},"end":{"line":162,"column":50}},"65":{"start":{"line":169,"column":4},"end":{"line":180,"column":7}},"66":{"start":{"line":170,"column":6},"end":{"line":179,"column":7}},"67":{"start":{"line":171,"column":22},"end":{"line":171,"column":56}},"68":{"start":{"line":172,"column":21},"end":{"line":172,"column":58}},"69":{"start":{"line":174,"column":10},"end":{"line":175,"column":52}},"70":{"start":{"line":176,"column":8},"end":{"line":176,"column":27}},"71":{"start":{"line":178,"column":8},"end":{"line":178,"column":43}},"72":{"start":{"line":184,"column":0},"end":{"line":184,"column":23}}},"fnMap":{"0":{"name":"(anonymous_0)","decl":{"start":{"line":6,"column":2},"end":{"line":6,"column":3}},"loc":{"start":{"line":6,"column":20},"end":{"line":11,"column":3}},"line":6},"1":{"name":"(anonymous_1)","decl":{"start":{"line":14,"column":2},"end":{"line":14,"column":3}},"loc":{"start":{"line":14,"column":34},"end":{"line":27,"column":3}},"line":14},"2":{"name":"(anonymous_2)","decl":{"start":{"line":15,"column":23},"end":{"line":15,"column":24}},"loc":{"start":{"line":15,"column":43},"end":{"line":26,"column":5}},"line":15},"3":{"name":"(anonymous_3)","decl":{"start":{"line":21,"column":37},"end":{"line":21,"column":38}},"loc":{"start":{"line":21,"column":44},"end":{"line":21,"column":56}},"line":21},"4":{"name":"(anonymous_4)","decl":{"start":{"line":30,"column":2},"end":{"line":30,"column":3}},"loc":{"start":{"line":30,"column":27},"end":{"line":43,"column":3}},"line":30},"5":{"name":"(anonymous_5)","decl":{"start":{"line":31,"column":23},"end":{"line":31,"column":24}},"loc":{"start":{"line":31,"column":43},"end":{"line":42,"column":5}},"line":31},"6":{"name":"(anonymous_6)","decl":{"start":{"line":46,"column":2},"end":{"line":46,"column":3}},"loc":{"start":{"line":46,"column":47},"end":{"line":60,"column":3}},"line":46},"7":{"name":"(anonymous_7)","decl":{"start":{"line":47,"column":23},"end":{"line":47,"column":24}},"loc":{"start":{"line":47,"column":43},"end":{"line":59,"column":5}},"line":47},"8":{"name":"(anonymous_8)","decl":{"start":{"line":63,"column":2},"end":{"line":63,"column":3}},"loc":{"start":{"line":63,"column":47},"end":{"line":76,"column":3}},"line":63},"9":{"name":"(anonymous_9)","decl":{"start":{"line":64,"column":23},"end":{"line":64,"column":24}},"loc":{"start":{"line":64,"column":43},"end":{"line":75,"column":5}},"line":64},"10":{"name":"(anonymous_10)","decl":{"start":{"line":78,"column":2},"end":{"line":78,"column":3}},"loc":{"start":{"line":78,"column":26},"end":{"line":90,"column":3}},"line":78},"11":{"name":"(anonymous_11)","decl":{"start":{"line":79,"column":23},"end":{"line":79,"column":24}},"loc":{"start":{"line":79,"column":43},"end":{"line":89,"column":5}},"line":79},"12":{"name":"(anonymous_12)","decl":{"start":{"line":93,"column":2},"end":{"line":93,"column":3}},"loc":{"start":{"line":93,"column":39},"end":{"line":105,"column":3}},"line":93},"13":{"name":"(anonymous_13)","decl":{"start":{"line":94,"column":23},"end":{"line":94,"column":24}},"loc":{"start":{"line":94,"column":43},"end":{"line":104,"column":5}},"line":94},"14":{"name":"(anonymous_14)","decl":{"start":{"line":108,"column":2},"end":{"line":108,"column":3}},"loc":{"start":{"line":108,"column":40},"end":{"line":123,"column":3}},"line":108},"15":{"name":"(anonymous_15)","decl":{"start":{"line":109,"column":23},"end":{"line":109,"column":24}},"loc":{"start":{"line":109,"column":43},"end":{"line":122,"column":5}},"line":109},"16":{"name":"(anonymous_16)","decl":{"start":{"line":125,"column":2},"end":{"line":125,"column":3}},"loc":{"start":{"line":125,"column":43},"end":{"line":143,"column":3}},"line":125},"17":{"name":"(anonymous_17)","decl":{"start":{"line":126,"column":23},"end":{"line":126,"column":24}},"loc":{"start":{"line":126,"column":43},"end":{"line":142,"column":5}},"line":126},"18":{"name":"(anonymous_18)","decl":{"start":{"line":146,"column":2},"end":{"line":146,"column":3}},"loc":{"start":{"line":146,"column":42},"end":{"line":165,"column":3}},"line":146},"19":{"name":"(anonymous_19)","decl":{"start":{"line":147,"column":23},"end":{"line":147,"column":24}},"loc":{"start":{"line":147,"column":43},"end":{"line":164,"column":5}},"line":147},"20":{"name":"(anonymous_20)","decl":{"start":{"line":168,"column":2},"end":{"line":168,"column":3}},"loc":{"start":{"line":168,"column":34},"end":{"line":181,"column":3}},"line":168},"21":{"name":"(anonymous_21)","decl":{"start":{"line":169,"column":23},"end":{"line":169,"column":24}},"loc":{"start":{"line":169,"column":43},"end":{"line":180,"column":5}},"line":169}},"branchMap":{"0":{"loc":{"start":{"line":151,"column":8},"end":{"line":159,"column":9}},"type":"if","locations":[{"start":{"line":151,"column":8},"end":{"line":159,"column":9}},{"start":{"line":151,"column":8},"end":{"line":159,"column":9}}],"line":151},"1":{"loc":{"start":{"line":151,"column":12},"end":{"line":151,"column":71}},"type":"binary-expr","locations":[{"start":{"line":151,"column":12},"end":{"line":151,"column":24}},{"start":{"line":151,"column":28},"end":{"line":151,"column":37}},{"start":{"line":151,"column":41},"end":{"line":151,"column":71}}],"line":151}},"s":{"0":2,"1":2,"2":2,"3":0,"4":0,"5":0,"6":0,"7":0,"8":0,"9":0,"10":0,"11":0,"12":0,"13":0,"14":0,"15":0,"16":0,"17":0,"18":0,"19":0,"20":0,"21":0,"22":0,"23":0,"24":0,"25":0,"26":0,"27":0,"28":0,"29":0,"30":0,"31":0,"32":0,"33":0,"34":0,"35":0,"36":0,"37":0,"38":0,"39":0,"40":0,"41":0,"42":0,"43":0,"44":0,"45":0,"46":0,"47":0,"48":0,"49":0,"50":0,"51":0,"52":0,"53":0,"54":0,"55":0,"56":0,"57":0,"58":0,"59":0,"60":0,"61":0,"62":0,"63":0,"64":0,"65":0,"66":0,"67":0,"68":0,"69":0,"70":0,"71":0,"72":2},"f":{"0":0,"1":0,"2":0,"3":0,"4":0,"5":0,"6":0,"7":0,"8":0,"9":0,"10":0,"11":0,"12":0,"13":0,"14":0,"15":0,"16":0,"17":0,"18":0,"19":0,"20":0,"21":0},"b":{"0":[0,0],"1":[0,0,0]},"_coverageSchema":"1a1c01bbd47fc00a2c39e90264f33305004495a9","hash":"95ee2b5f5ddf0ec20671f06135b4672f1d7f3f13"}
,"/Users/ceriseabelthompson/Documents/Code/projects/Breaking-Bad-Habits-/api/Models/user.js": {"path":"/Users/ceriseabelthompson/Documents/Code/projects/Breaking-Bad-Habits-/api/Models/user.js","statementMap":{"0":{"start":{"line":1,"column":11},"end":{"line":1,"column":33}},"1":{"start":{"line":2,"column":12},"end":{"line":2,"column":43}},"2":{"start":{"line":6,"column":8},"end":{"line":6,"column":38}},"3":{"start":{"line":7,"column":8},"end":{"line":7,"column":32}},"4":{"start":{"line":8,"column":8},"end":{"line":8,"column":51}},"5":{"start":{"line":12,"column":8},"end":{"line":20,"column":11}},"6":{"start":{"line":13,"column":12},"end":{"line":19,"column":13}},"7":{"start":{"line":14,"column":29},"end":{"line":14,"column":71}},"8":{"start":{"line":15,"column":28},"end":{"line":15,"column":63}},"9":{"start":{"line":15,"column":51},"end":{"line":15,"column":62}},"10":{"start":{"line":16,"column":16},"end":{"line":16,"column":27}},"11":{"start":{"line":18,"column":16},"end":{"line":18,"column":57}},"12":{"start":{"line":24,"column":8},"end":{"line":34,"column":11}},"13":{"start":{"line":25,"column":12},"end":{"line":33,"column":13}},"14":{"start":{"line":27,"column":20},"end":{"line":28,"column":86}},"15":{"start":{"line":29,"column":30},"end":{"line":29,"column":54}},"16":{"start":{"line":30,"column":16},"end":{"line":30,"column":29}},"17":{"start":{"line":32,"column":16},"end":{"line":32,"column":58}},"18":{"start":{"line":38,"column":8},"end":{"line":48,"column":11}},"19":{"start":{"line":39,"column":12},"end":{"line":47,"column":13}},"20":{"start":{"line":40,"column":29},"end":{"line":42,"column":17}},"21":{"start":{"line":43,"column":27},"end":{"line":43,"column":51}},"22":{"start":{"line":44,"column":16},"end":{"line":44,"column":26}},"23":{"start":{"line":46,"column":16},"end":{"line":46,"column":57}},"24":{"start":{"line":52,"column":0},"end":{"line":52,"column":22}}},"fnMap":{"0":{"name":"(anonymous_0)","decl":{"start":{"line":5,"column":4},"end":{"line":5,"column":5}},"loc":{"start":{"line":5,"column":22},"end":{"line":9,"column":5}},"line":5},"1":{"name":"(anonymous_1)","decl":{"start":{"line":11,"column":4},"end":{"line":11,"column":5}},"loc":{"start":{"line":11,"column":21},"end":{"line":21,"column":5}},"line":11},"2":{"name":"(anonymous_2)","decl":{"start":{"line":12,"column":27},"end":{"line":12,"column":28}},"loc":{"start":{"line":12,"column":46},"end":{"line":20,"column":9}},"line":12},"3":{"name":"(anonymous_3)","decl":{"start":{"line":15,"column":44},"end":{"line":15,"column":45}},"loc":{"start":{"line":15,"column":51},"end":{"line":15,"column":62}},"line":15},"4":{"name":"(anonymous_4)","decl":{"start":{"line":23,"column":4},"end":{"line":23,"column":5}},"loc":{"start":{"line":23,"column":49},"end":{"line":35,"column":5}},"line":23},"5":{"name":"(anonymous_5)","decl":{"start":{"line":24,"column":27},"end":{"line":24,"column":28}},"loc":{"start":{"line":24,"column":46},"end":{"line":34,"column":9}},"line":24},"6":{"name":"(anonymous_6)","decl":{"start":{"line":37,"column":4},"end":{"line":37,"column":5}},"loc":{"start":{"line":37,"column":36},"end":{"line":49,"column":5}},"line":37},"7":{"name":"(anonymous_7)","decl":{"start":{"line":38,"column":27},"end":{"line":38,"column":28}},"loc":{"start":{"line":38,"column":46},"end":{"line":48,"column":9}},"line":38}},"branchMap":{},"s":{"0":3,"1":3,"2":3,"3":3,"4":3,"5":0,"6":0,"7":0,"8":0,"9":0,"10":0,"11":0,"12":1,"13":1,"14":1,"15":1,"16":1,"17":0,"18":1,"19":1,"20":1,"21":1,"22":1,"23":0,"24":3},"f":{"0":3,"1":0,"2":0,"3":0,"4":1,"5":1,"6":1,"7":1},"b":{},"_coverageSchema":"1a1c01bbd47fc00a2c39e90264f33305004495a9","hash":"0243ae9353f8bcaf585d3dbdb65c627a6c5daedd"}
,"/Users/ceriseabelthompson/Documents/Code/projects/Breaking-Bad-Habits-/api/middleware/auth.js": {"path":"/Users/ceriseabelthompson/Documents/Code/projects/Breaking-Bad-Habits-/api/middleware/auth.js","statementMap":{"0":{"start":{"line":1,"column":12},"end":{"line":1,"column":35}},"1":{"start":{"line":3,"column":20},"end":{"line":20,"column":1}},"2":{"start":{"line":4,"column":19},"end":{"line":4,"column":47}},"3":{"start":{"line":5,"column":4},"end":{"line":19,"column":5}},"4":{"start":{"line":6,"column":22},"end":{"line":6,"column":42}},"5":{"start":{"line":7,"column":8},"end":{"line":15,"column":10}},"6":{"start":{"line":8,"column":12},"end":{"line":8,"column":30}},"7":{"start":{"line":9,"column":12},"end":{"line":14,"column":13}},"8":{"start":{"line":10,"column":16},"end":{"line":11,"column":45}},"9":{"start":{"line":13,"column":16},"end":{"line":13,"column":23}},"10":{"start":{"line":17,"column":8},"end":{"line":18,"column":37}},"11":{"start":{"line":22,"column":0},"end":{"line":22,"column":29}}},"fnMap":{"0":{"name":"(anonymous_0)","decl":{"start":{"line":3,"column":20},"end":{"line":3,"column":21}},"loc":{"start":{"line":3,"column":40},"end":{"line":20,"column":1}},"line":3},"1":{"name":"(anonymous_1)","decl":{"start":{"line":7,"column":46},"end":{"line":7,"column":47}},"loc":{"start":{"line":7,"column":66},"end":{"line":15,"column":9}},"line":7}},"branchMap":{"0":{"loc":{"start":{"line":5,"column":4},"end":{"line":19,"column":5}},"type":"if","locations":[{"start":{"line":5,"column":4},"end":{"line":19,"column":5}},{"start":{"line":5,"column":4},"end":{"line":19,"column":5}}],"line":5},"1":{"loc":{"start":{"line":9,"column":12},"end":{"line":14,"column":13}},"type":"if","locations":[{"start":{"line":9,"column":12},"end":{"line":14,"column":13}},{"start":{"line":9,"column":12},"end":{"line":14,"column":13}}],"line":9}},"s":{"0":2,"1":2,"2":0,"3":0,"4":0,"5":0,"6":0,"7":0,"8":0,"9":0,"10":0,"11":2},"f":{"0":0,"1":0},"b":{"0":[0,0],"1":[0,0]},"_coverageSchema":"1a1c01bbd47fc00a2c39e90264f33305004495a9","hash":"198c958d4a7ceca88bb9f5dd5b19bba80afe064d"}
}
